# JRE version: OpenJDK Runtime Environment (8.0_242) (build 1.8.0_242-release-1644-b3-6222593)
# Java VM: OpenJDK 64-Bit Server VM (25.242-b3-6222593 mixed mode linux-amd64 compressed oops)
Heap:
 PSYoungGen      total 138752K, used 0K [0x00000000f5580000, 0x00000000fff00000, 0x0000000100000000)
  eden space 130560K, 0% used [0x00000000f5580000,0x00000000f5580000,0x00000000fd500000)
  from space 8192K, 0% used [0x00000000fd500000,0x00000000fd500000,0x00000000fdd00000)
  to   space 21504K, 0% used [0x00000000fea00000,0x00000000fea00000,0x00000000fff00000)
 ParOldGen       total 182272K, used 61587K [0x00000000e0000000, 0x00000000eb200000, 0x00000000f5580000)
  object space 182272K, 33% used [0x00000000e0000000,0x00000000e3c24ef8,0x00000000eb200000)
 Metaspace       used 96110K, capacity 98454K, committed 98584K, reserved 1134592K
  class space    used 12114K, capacity 12752K, committed 12848K, reserved 1048576K
GC Heap History (10 events):
Event: 70.546 GC heap after
Heap after GC invocations=16 (full 3):
 PSYoungGen      total 152064K, used 14675K [0x00000000f5580000, 0x00000000fff80000, 0x0000000100000000)
  eden space 129536K, 0% used [0x00000000f5580000,0x00000000f5580000,0x00000000fd400000)
  from space 22528K, 65% used [0x00000000fd400000,0x00000000fe254e70,0x00000000fea00000)
  to   space 22016K, 0% used [0x00000000fea00000,0x00000000fea00000,0x00000000fff80000)
 ParOldGen       total 182272K, used 60606K [0x00000000e0000000, 0x00000000eb200000, 0x00000000f5580000)
  object space 182272K, 33% used [0x00000000e0000000,0x00000000e3b2fb90,0x00000000eb200000)
 Metaspace       used 80994K, capacity 82560K, committed 82968K, reserved 1120256K
  class space    used 10798K, capacity 11238K, committed 11312K, reserved 1048576K
}
Event: 106.566 GC heap before
{Heap before GC invocations=17 (full 3):
 PSYoungGen      total 152064K, used 144211K [0x00000000f5580000, 0x00000000fff80000, 0x0000000100000000)
  eden space 129536K, 100% used [0x00000000f5580000,0x00000000fd400000,0x00000000fd400000)
  from space 22528K, 65% used [0x00000000fd400000,0x00000000fe254e70,0x00000000fea00000)
  to   space 22016K, 0% used [0x00000000fea00000,0x00000000fea00000,0x00000000fff80000)
 ParOldGen       total 182272K, used 60606K [0x00000000e0000000, 0x00000000eb200000, 0x00000000f5580000)
  object space 182272K, 33% used [0x00000000e0000000,0x00000000e3b2fb90,0x00000000eb200000)
 Metaspace       used 89059K, capacity 90752K, committed 91160K, reserved 1128448K
  class space    used 11469K, capacity 11980K, committed 12080K, reserved 1048576K
Event: 106.674 GC heap after
Heap after GC invocations=17 (full 3):
 PSYoungGen      total 150016K, used 12866K [0x00000000f5580000, 0x00000000ffd80000, 0x0000000100000000)
  eden space 130048K, 0% used [0x00000000f5580000,0x00000000f5580000,0x00000000fd480000)
  from space 19968K, 64% used [0x00000000fea00000,0x00000000ff6908a8,0x00000000ffd80000)
  to   space 20992K, 0% used [0x00000000fd480000,0x00000000fd480000,0x00000000fe900000)
 ParOldGen       total 182272K, used 69692K [0x00000000e0000000, 0x00000000eb200000, 0x00000000f5580000)
  object space 182272K, 38% used [0x00000000e0000000,0x00000000e440f208,0x00000000eb200000)
 Metaspace       used 89059K, capacity 90752K, committed 91160K, reserved 1128448K
  class space    used 11469K, capacity 11980K, committed 12080K, reserved 1048576K
}
Event: 119.568 GC heap before
{Heap before GC invocations=18 (full 3):
 PSYoungGen      total 150016K, used 142914K [0x00000000f5580000, 0x00000000ffd80000, 0x0000000100000000)
  eden space 130048K, 100% used [0x00000000f5580000,0x00000000fd480000,0x00000000fd480000)
  from space 19968K, 64% used [0x00000000fea00000,0x00000000ff6908a8,0x00000000ffd80000)
  to   space 20992K, 0% used [0x00000000fd480000,0x00000000fd480000,0x00000000fe900000)
 ParOldGen       total 182272K, used 69692K [0x00000000e0000000, 0x00000000eb200000, 0x00000000f5580000)
  object space 182272K, 38% used [0x00000000e0000000,0x00000000e440f208,0x00000000eb200000)
 Metaspace       used 89989K, capacity 91760K, committed 92184K, reserved 1130496K
  class space    used 11471K, capacity 11984K, committed 12080K, reserved 1048576K
Event: 119.786 GC heap after
Heap after GC invocations=18 (full 3):
 PSYoungGen      total 151040K, used 17090K [0x00000000f5580000, 0x0000000100000000, 0x0000000100000000)
  eden space 130048K, 0% used [0x00000000f5580000,0x00000000f5580000,0x00000000fd480000)
  from space 20992K, 81% used [0x00000000fd480000,0x00000000fe530950,0x00000000fe900000)
  to   space 22016K, 0% used [0x00000000fea80000,0x00000000fea80000,0x0000000100000000)
 ParOldGen       total 182272K, used 75757K [0x00000000e0000000, 0x00000000eb200000, 0x00000000f5580000)
  object space 182272K, 41% used [0x00000000e0000000,0x00000000e49fb6e8,0x00000000eb200000)
 Metaspace       used 89989K, capacity 91760K, committed 92184K, reserved 1130496K
  class space    used 11471K, capacity 11984K, committed 12080K, reserved 1048576K
}
Event: 299.426 GC heap before
{Heap before GC invocations=19 (full 3):
 PSYoungGen      total 151040K, used 147138K [0x00000000f5580000, 0x0000000100000000, 0x0000000100000000)
  eden space 130048K, 100% used [0x00000000f5580000,0x00000000fd480000,0x00000000fd480000)
  from space 20992K, 81% used [0x00000000fd480000,0x00000000fe530950,0x00000000fe900000)
  to   space 22016K, 0% used [0x00000000fea80000,0x00000000fea80000,0x0000000100000000)
 ParOldGen       total 182272K, used 75757K [0x00000000e0000000, 0x00000000eb200000, 0x00000000f5580000)
  object space 182272K, 41% used [0x00000000e0000000,0x00000000e49fb6e8,0x00000000eb200000)
 Metaspace       used 94650K, capacity 96856K, committed 96920K, reserved 1134592K
  class space    used 11908K, capacity 12461K, committed 12464K, reserved 1048576K
Event: 299.793 GC heap after
Heap after GC invocations=19 (full 3):
 PSYoungGen      total 152576K, used 9526K [0x00000000f5580000, 0x0000000100000000, 0x0000000100000000)
  eden space 130560K, 0% used [0x00000000f5580000,0x00000000f5580000,0x00000000fd500000)
  from space 22016K, 43% used [0x00000000fea80000,0x00000000ff3cd890,0x0000000100000000)
  to   space 22016K, 0% used [0x00000000fd500000,0x00000000fd500000,0x00000000fea80000)
 ParOldGen       total 182272K, used 76573K [0x00000000e0000000, 0x00000000eb200000, 0x00000000f5580000)
  object space 182272K, 42% used [0x00000000e0000000,0x00000000e4ac7578,0x00000000eb200000)
 Metaspace       used 94650K, capacity 96856K, committed 96920K, reserved 1134592K
  class space    used 11908K, capacity 12461K, committed 12464K, reserved 1048576K
}
Event: 308.033 GC heap before
{Heap before GC invocations=20 (full 3):
 PSYoungGen      total 152576K, used 18730K [0x00000000f5580000, 0x0000000100000000, 0x0000000100000000)
  eden space 130560K, 7% used [0x00000000f5580000,0x00000000f5e7cfe8,0x00000000fd500000)
  from space 22016K, 43% used [0x00000000fea80000,0x00000000ff3cd890,0x0000000100000000)
  to   space 22016K, 0% used [0x00000000fd500000,0x00000000fd500000,0x00000000fea80000)
 ParOldGen       total 182272K, used 76573K [0x00000000e0000000, 0x00000000eb200000, 0x00000000f5580000)
  object space 182272K, 42% used [0x00000000e0000000,0x00000000e4ac7578,0x00000000eb200000)
 Metaspace       used 96110K, capacity 98454K, committed 98584K, reserved 1134592K
  class space    used 12114K, capacity 12752K, committed 12848K, reserved 1048576K
Event: 308.164 GC heap after
Heap after GC invocations=20 (full 3):
 PSYoungGen      total 138752K, used 8124K [0x00000000f5580000, 0x00000000fff00000, 0x0000000100000000)
  eden space 130560K, 0% used [0x00000000f5580000,0x00000000f5580000,0x00000000fd500000)
  from space 8192K, 99% used [0x00000000fd500000,0x00000000fdcef178,0x00000000fdd00000)
  to   space 21504K, 0% used [0x00000000fea00000,0x00000000fea00000,0x00000000fff00000)
 ParOldGen       total 182272K, used 76573K [0x00000000e0000000, 0x00000000eb200000, 0x00000000f5580000)
  object space 182272K, 42% used [0x00000000e0000000,0x00000000e4ac7578,0x00000000eb200000)
 Metaspace       used 96110K, capacity 98454K, committed 98584K, reserved 1134592K
  class space    used 12114K, capacity 12752K, committed 12848K, reserved 1048576K
}
Event: 308.220 GC heap before
{Heap before GC invocations=21 (full 4):
 PSYoungGen      total 138752K, used 8124K [0x00000000f5580000, 0x00000000fff00000, 0x0000000100000000)
  eden space 130560K, 0% used [0x00000000f5580000,0x00000000f5580000,0x00000000fd500000)
  from space 8192K, 99% used [0x00000000fd500000,0x00000000fdcef178,0x00000000fdd00000)
  to   space 21504K, 0% used [0x00000000fea00000,0x00000000fea00000,0x00000000fff00000)
 ParOldGen       total 182272K, used 76573K [0x00000000e0000000, 0x00000000eb200000, 0x00000000f5580000)
  object space 182272K, 42% used [0x00000000e0000000,0x00000000e4ac7578,0x00000000eb200000)
 Metaspace       used 96110K, capacity 98454K, committed 98584K, reserved 1134592K
  class space    used 12114K, capacity 12752K, committed 12848K, reserved 1048576K

